# JRE version: OpenJDK Runtime Environment (8.0_76-b03) (build 1.8.0_76-release-b03)
# Java VM: OpenJDK 64-Bit Server VM (25.76-b03 mixed mode windows-amd64 compressed oops)
Heap:
 PSYoungGen      total 93184K, used 83984K [0x00000000e0000000, 0x00000000e6480000, 0x0000000100000000)
  eden space 86528K, 92% used [0x00000000e0000000,0x00000000e4e92af0,0x00000000e5480000)
  from space 6656K, 52% used [0x00000000e5e00000,0x00000000e6171548,0x00000000e6480000)
  to   space 8192K, 0% used [0x00000000e5480000,0x00000000e5480000,0x00000000e5c80000)
 ParOldGen       total 31744K, used 20583K [0x00000000a0000000, 0x00000000a1f00000, 0x00000000e0000000)
  object space 31744K, 64% used [0x00000000a0000000,0x00000000a1419e38,0x00000000a1f00000)
 Metaspace       used 43075K, capacity 43878K, committed 44336K, reserved 1087488K
  class space    used 5690K, capacity 5875K, committed 5936K, reserved 1048576K
GC Heap History (10 events):
Event: 36.112 GC heap before
{Heap before GC invocations=14 (full 1):
 PSYoungGen      total 70144K, used 67222K [0x00000000e0000000, 0x00000000e4c80000, 0x0000000100000000)
  eden space 65024K, 100% used [0x00000000e0000000,0x00000000e3f80000,0x00000000e3f80000)
  from space 5120K, 42% used [0x00000000e4780000,0x00000000e49a5ad8,0x00000000e4c80000)
  to   space 6656K, 0% used [0x00000000e3f80000,0x00000000e3f80000,0x00000000e4600000)
 ParOldGen       total 31744K, used 10692K [0x00000000a0000000, 0x00000000a1f00000, 0x00000000e0000000)
  object space 31744K, 33% used [0x00000000a0000000,0x00000000a0a710e8,0x00000000a1f00000)
 Metaspace       used 33398K, capacity 33976K, committed 34352K, reserved 1079296K
  class space    used 4480K, capacity 4655K, committed 4656K, reserved 1048576K
Event: 36.137 GC heap after
Heap after GC invocations=14 (full 1):
 PSYoungGen      total 71680K, used 5989K [0x00000000e0000000, 0x00000000e4c80000, 0x0000000100000000)
  eden space 65024K, 0% used [0x00000000e0000000,0x00000000e0000000,0x00000000e3f80000)
  from space 6656K, 89% used [0x00000000e3f80000,0x00000000e45595e0,0x00000000e4600000)
  to   space 5120K, 0% used [0x00000000e4780000,0x00000000e4780000,0x00000000e4c80000)
 ParOldGen       total 31744K, used 11932K [0x00000000a0000000, 0x00000000a1f00000, 0x00000000e0000000)
  object space 31744K, 37% used [0x00000000a0000000,0x00000000a0ba7108,0x00000000a1f00000)
 Metaspace       used 33398K, capacity 33976K, committed 34352K, reserved 1079296K
  class space    used 4480K, capacity 4655K, committed 4656K, reserved 1048576K
}
Event: 36.597 GC heap before
{Heap before GC invocations=15 (full 1):
 PSYoungGen      total 71680K, used 18806K [0x00000000e0000000, 0x00000000e4c80000, 0x0000000100000000)
  eden space 65024K, 19% used [0x00000000e0000000,0x00000000e0c84320,0x00000000e3f80000)
  from space 6656K, 89% used [0x00000000e3f80000,0x00000000e45595e0,0x00000000e4600000)
  to   space 5120K, 0% used [0x00000000e4780000,0x00000000e4780000,0x00000000e4c80000)
 ParOldGen       total 31744K, used 11932K [0x00000000a0000000, 0x00000000a1f00000, 0x00000000e0000000)
  object space 31744K, 37% used [0x00000000a0000000,0x00000000a0ba7108,0x00000000a1f00000)
 Metaspace       used 34620K, capacity 35152K, committed 35496K, reserved 1079296K
  class space    used 4624K, capacity 4787K, committed 4912K, reserved 1048576K
Event: 36.614 GC heap after
Heap after GC invocations=15 (full 1):
 PSYoungGen      total 70144K, used 2161K [0x00000000e0000000, 0x00000000e4c80000, 0x0000000100000000)
  eden space 65024K, 0% used [0x00000000e0000000,0x00000000e0000000,0x00000000e3f80000)
  from space 5120K, 42% used [0x00000000e4780000,0x00000000e499c728,0x00000000e4c80000)
  to   space 6656K, 0% used [0x00000000e3f80000,0x00000000e3f80000,0x00000000e4600000)
 ParOldGen       total 31744K, used 14214K [0x00000000a0000000, 0x00000000a1f00000, 0x00000000e0000000)
  object space 31744K, 44% used [0x00000000a0000000,0x00000000a0de1918,0x00000000a1f00000)
 Metaspace       used 34620K, capacity 35152K, committed 35496K, reserved 1079296K
  class space    used 4624K, capacity 4787K, committed 4912K, reserved 1048576K
}
Event: 36.614 GC heap before
{Heap before GC invocations=16 (full 2):
 PSYoungGen      total 70144K, used 2161K [0x00000000e0000000, 0x00000000e4c80000, 0x0000000100000000)
  eden space 65024K, 0% used [0x00000000e0000000,0x00000000e0000000,0x00000000e3f80000)
  from space 5120K, 42% used [0x00000000e4780000,0x00000000e499c728,0x00000000e4c80000)
  to   space 6656K, 0% used [0x00000000e3f80000,0x00000000e3f80000,0x00000000e4600000)
 ParOldGen       total 31744K, used 14214K [0x00000000a0000000, 0x00000000a1f00000, 0x00000000e0000000)
  object space 31744K, 44% used [0x00000000a0000000,0x00000000a0de1918,0x00000000a1f00000)
 Metaspace       used 34620K, capacity 35152K, committed 35496K, reserved 1079296K
  class space    used 4624K, capacity 4787K, committed 4912K, reserved 1048576K
Event: 36.783 GC heap after
Heap after GC invocations=16 (full 2):
 PSYoungGen      total 70144K, used 0K [0x00000000e0000000, 0x00000000e4c80000, 0x0000000100000000)
  eden space 65024K, 0% used [0x00000000e0000000,0x00000000e0000000,0x00000000e3f80000)
  from space 5120K, 0% used [0x00000000e4780000,0x00000000e4780000,0x00000000e4c80000)
  to   space 6656K, 0% used [0x00000000e3f80000,0x00000000e3f80000,0x00000000e4600000)
 ParOldGen       total 31744K, used 15187K [0x00000000a0000000, 0x00000000a1f00000, 0x00000000e0000000)
  object space 31744K, 47% used [0x00000000a0000000,0x00000000a0ed4f40,0x00000000a1f00000)
 Metaspace       used 34620K, capacity 35152K, committed 35496K, reserved 1079296K
  class space    used 4624K, capacity 4787K, committed 4912K, reserved 1048576K
}
Event: 52.384 GC heap before
{Heap before GC invocations=17 (full 2):
 PSYoungGen      total 70144K, used 65024K [0x00000000e0000000, 0x00000000e4c80000, 0x0000000100000000)
  eden space 65024K, 100% used [0x00000000e0000000,0x00000000e3f80000,0x00000000e3f80000)
  from space 5120K, 0% used [0x00000000e4780000,0x00000000e4780000,0x00000000e4c80000)
  to   space 6656K, 0% used [0x00000000e3f80000,0x00000000e3f80000,0x00000000e4600000)
 ParOldGen       total 31744K, used 15187K [0x00000000a0000000, 0x00000000a1f00000, 0x00000000e0000000)
  object space 31744K, 47% used [0x00000000a0000000,0x00000000a0ed4f40,0x00000000a1f00000)
 Metaspace       used 41194K, capacity 41948K, committed 42416K, reserved 1085440K
  class space    used 5502K, capacity 5690K, committed 5808K, reserved 1048576K
Event: 52.401 GC heap after
Heap after GC invocations=17 (full 2):
 PSYoungGen      total 71680K, used 6627K [0x00000000e0000000, 0x00000000e6600000, 0x0000000100000000)
  eden space 65024K, 0% used [0x00000000e0000000,0x00000000e0000000,0x00000000e3f80000)
  from space 6656K, 99% used [0x00000000e3f80000,0x00000000e45f8f10,0x00000000e4600000)
  to   space 8192K, 0% used [0x00000000e5e00000,0x00000000e5e00000,0x00000000e6600000)
 ParOldGen       total 31744K, used 15579K [0x00000000a0000000, 0x00000000a1f00000, 0x00000000e0000000)
  object space 31744K, 49% used [0x00000000a0000000,0x00000000a0f36df8,0x00000000a1f00000)
 Metaspace       used 41194K, capacity 41948K, committed 42416K, reserved 1085440K
  class space    used 5502K, capacity 5690K, committed 5808K, reserved 1048576K
}
Event: 56.593 GC heap before
{Heap before GC invocations=18 (full 2):
 PSYoungGen      total 71680K, used 71651K [0x00000000e0000000, 0x00000000e6600000, 0x0000000100000000)
  eden space 65024K, 100% used [0x00000000e0000000,0x00000000e3f80000,0x00000000e3f80000)
  from space 6656K, 99% used [0x00000000e3f80000,0x00000000e45f8f10,0x00000000e4600000)
  to   space 8192K, 0% used [0x00000000e5e00000,0x00000000e5e00000,0x00000000e6600000)
 ParOldGen       total 31744K, used 15579K [0x00000000a0000000, 0x00000000a1f00000, 0x00000000e0000000)
  object space 31744K, 49% used [0x00000000a0000000,0x00000000a0f36df8,0x00000000a1f00000)
 Metaspace       used 42472K, capacity 43264K, committed 43568K, reserved 1087488K
  class space    used 5632K, capacity 5842K, committed 5936K, reserved 1048576K
Event: 56.616 GC heap after
Heap after GC invocations=18 (full 2):
 PSYoungGen      total 93184K, used 3525K [0x00000000e0000000, 0x00000000e6480000, 0x0000000100000000)
  eden space 86528K, 0% used [0x00000000e0000000,0x00000000e0000000,0x00000000e5480000)
  from space 6656K, 52% used [0x00000000e5e00000,0x00000000e6171548,0x00000000e6480000)
  to   space 8192K, 0% used [0x00000000e5480000,0x00000000e5480000,0x00000000e5c80000)
 ParOldGen       total 31744K, used 20583K [0x00000000a0000000, 0x00000000a1f00000, 0x00000000e0000000)
  object space 31744K, 64% used [0x00000000a0000000,0x00000000a1419e38,0x00000000a1f00000)
 Metaspace       used 42472K, capacity 43264K, committed 43568K, reserved 1087488K
  class space    used 5632K, capacity 5842K, committed 5936K, reserved 1048576K
}

